<?xml version="1.0" encoding="UTF-8"?>
<testng-results ignored="0" total="1" passed="1" failed="0" skipped="0">
  <reporter-output>
  </reporter-output>
  <suite started-at="2022-10-26T23:06:10 IST" name="Suite" finished-at="2022-10-26T23:06:10 IST" duration-ms="35">
    <groups>
    </groups>
    <test started-at="2022-10-26T23:06:10 IST" name="Home" finished-at="2022-10-26T23:06:10 IST" duration-ms="35">
      <class name="TestNG_eg.Day1">
        <test-method signature="Homeloan()[pri:0, instance:TestNG_eg.Day1@429bffaa]" started-at="2022-10-26T23:06:10 IST" name="Homeloan" finished-at="2022-10-26T23:06:10 IST" duration-ms="6" status="PASS">
          <reporter-output>
          </reporter-output>
        </test-method> <!-- Homeloan -->
      </class> <!-- TestNG_eg.Day1 -->
    </test> <!-- Home -->
  </suite> <!-- Suite -->
</testng-results>
